running egg_info
creating build/wall_follower/wall_follower.egg-info
writing build/wall_follower/wall_follower.egg-info/PKG-INFO
writing dependency_links to build/wall_follower/wall_follower.egg-info/dependency_links.txt
writing entry points to build/wall_follower/wall_follower.egg-info/entry_points.txt
writing requirements to build/wall_follower/wall_follower.egg-info/requires.txt
writing top-level names to build/wall_follower/wall_follower.egg-info/top_level.txt
writing manifest file 'build/wall_follower/wall_follower.egg-info/SOURCES.txt'
reading manifest file 'build/wall_follower/wall_follower.egg-info/SOURCES.txt'
writing manifest file 'build/wall_follower/wall_follower.egg-info/SOURCES.txt'
running build
running build_py
creating /root/racecar_ws/src/wall_follower/build/wall_follower/build
creating /root/racecar_ws/src/wall_follower/build/wall_follower/build/lib
creating /root/racecar_ws/src/wall_follower/build/wall_follower/build/lib/wall_follower
copying wall_follower/go_straight.py -> /root/racecar_ws/src/wall_follower/build/wall_follower/build/lib/wall_follower
copying wall_follower/wall_follower_logging.py -> /root/racecar_ws/src/wall_follower/build/wall_follower/build/lib/wall_follower
copying wall_follower/test_wall_follower.py -> /root/racecar_ws/src/wall_follower/build/wall_follower/build/lib/wall_follower
copying wall_follower/stop_system.py -> /root/racecar_ws/src/wall_follower/build/wall_follower/build/lib/wall_follower
copying wall_follower/step_test_local.py -> /root/racecar_ws/src/wall_follower/build/wall_follower/build/lib/wall_follower
copying wall_follower/wall_follower_matthew.py -> /root/racecar_ws/src/wall_follower/build/wall_follower/build/lib/wall_follower
copying wall_follower/visualization_tools.py -> /root/racecar_ws/src/wall_follower/build/wall_follower/build/lib/wall_follower
copying wall_follower/step_test.py -> /root/racecar_ws/src/wall_follower/build/wall_follower/build/lib/wall_follower
copying wall_follower/np_encrypt.py -> /root/racecar_ws/src/wall_follower/build/wall_follower/build/lib/wall_follower
copying wall_follower/viz_example.py -> /root/racecar_ws/src/wall_follower/build/wall_follower/build/lib/wall_follower
copying wall_follower/wall_follower.py -> /root/racecar_ws/src/wall_follower/build/wall_follower/build/lib/wall_follower
copying wall_follower/analyze_bag.py -> /root/racecar_ws/src/wall_follower/build/wall_follower/build/lib/wall_follower
copying wall_follower/__init__.py -> /root/racecar_ws/src/wall_follower/build/wall_follower/build/lib/wall_follower
running install
running install_lib
creating /root/racecar_ws/src/wall_follower/install/wall_follower/lib/python3.10/site-packages/wall_follower
copying /root/racecar_ws/src/wall_follower/build/wall_follower/build/lib/wall_follower/go_straight.py -> /root/racecar_ws/src/wall_follower/install/wall_follower/lib/python3.10/site-packages/wall_follower
copying /root/racecar_ws/src/wall_follower/build/wall_follower/build/lib/wall_follower/wall_follower_logging.py -> /root/racecar_ws/src/wall_follower/install/wall_follower/lib/python3.10/site-packages/wall_follower
copying /root/racecar_ws/src/wall_follower/build/wall_follower/build/lib/wall_follower/test_wall_follower.py -> /root/racecar_ws/src/wall_follower/install/wall_follower/lib/python3.10/site-packages/wall_follower
copying /root/racecar_ws/src/wall_follower/build/wall_follower/build/lib/wall_follower/stop_system.py -> /root/racecar_ws/src/wall_follower/install/wall_follower/lib/python3.10/site-packages/wall_follower
copying /root/racecar_ws/src/wall_follower/build/wall_follower/build/lib/wall_follower/step_test_local.py -> /root/racecar_ws/src/wall_follower/install/wall_follower/lib/python3.10/site-packages/wall_follower
copying /root/racecar_ws/src/wall_follower/build/wall_follower/build/lib/wall_follower/wall_follower_matthew.py -> /root/racecar_ws/src/wall_follower/install/wall_follower/lib/python3.10/site-packages/wall_follower
copying /root/racecar_ws/src/wall_follower/build/wall_follower/build/lib/wall_follower/visualization_tools.py -> /root/racecar_ws/src/wall_follower/install/wall_follower/lib/python3.10/site-packages/wall_follower
copying /root/racecar_ws/src/wall_follower/build/wall_follower/build/lib/wall_follower/step_test.py -> /root/racecar_ws/src/wall_follower/install/wall_follower/lib/python3.10/site-packages/wall_follower
copying /root/racecar_ws/src/wall_follower/build/wall_follower/build/lib/wall_follower/np_encrypt.py -> /root/racecar_ws/src/wall_follower/install/wall_follower/lib/python3.10/site-packages/wall_follower
copying /root/racecar_ws/src/wall_follower/build/wall_follower/build/lib/wall_follower/viz_example.py -> /root/racecar_ws/src/wall_follower/install/wall_follower/lib/python3.10/site-packages/wall_follower
copying /root/racecar_ws/src/wall_follower/build/wall_follower/build/lib/wall_follower/wall_follower.py -> /root/racecar_ws/src/wall_follower/install/wall_follower/lib/python3.10/site-packages/wall_follower
copying /root/racecar_ws/src/wall_follower/build/wall_follower/build/lib/wall_follower/analyze_bag.py -> /root/racecar_ws/src/wall_follower/install/wall_follower/lib/python3.10/site-packages/wall_follower
copying /root/racecar_ws/src/wall_follower/build/wall_follower/build/lib/wall_follower/__init__.py -> /root/racecar_ws/src/wall_follower/install/wall_follower/lib/python3.10/site-packages/wall_follower
byte-compiling /root/racecar_ws/src/wall_follower/install/wall_follower/lib/python3.10/site-packages/wall_follower/go_straight.py to go_straight.cpython-310.pyc
byte-compiling /root/racecar_ws/src/wall_follower/install/wall_follower/lib/python3.10/site-packages/wall_follower/wall_follower_logging.py to wall_follower_logging.cpython-310.pyc
byte-compiling /root/racecar_ws/src/wall_follower/install/wall_follower/lib/python3.10/site-packages/wall_follower/test_wall_follower.py to test_wall_follower.cpython-310.pyc
byte-compiling /root/racecar_ws/src/wall_follower/install/wall_follower/lib/python3.10/site-packages/wall_follower/stop_system.py to stop_system.cpython-310.pyc
byte-compiling /root/racecar_ws/src/wall_follower/install/wall_follower/lib/python3.10/site-packages/wall_follower/step_test_local.py to step_test_local.cpython-310.pyc
byte-compiling /root/racecar_ws/src/wall_follower/install/wall_follower/lib/python3.10/site-packages/wall_follower/wall_follower_matthew.py to wall_follower_matthew.cpython-310.pyc
byte-compiling /root/racecar_ws/src/wall_follower/install/wall_follower/lib/python3.10/site-packages/wall_follower/visualization_tools.py to visualization_tools.cpython-310.pyc
byte-compiling /root/racecar_ws/src/wall_follower/install/wall_follower/lib/python3.10/site-packages/wall_follower/step_test.py to step_test.cpython-310.pyc
byte-compiling /root/racecar_ws/src/wall_follower/install/wall_follower/lib/python3.10/site-packages/wall_follower/np_encrypt.py to np_encrypt.cpython-310.pyc
byte-compiling /root/racecar_ws/src/wall_follower/install/wall_follower/lib/python3.10/site-packages/wall_follower/viz_example.py to viz_example.cpython-310.pyc
byte-compiling /root/racecar_ws/src/wall_follower/install/wall_follower/lib/python3.10/site-packages/wall_follower/wall_follower.py to wall_follower.cpython-310.pyc
byte-compiling /root/racecar_ws/src/wall_follower/install/wall_follower/lib/python3.10/site-packages/wall_follower/analyze_bag.py to analyze_bag.cpython-310.pyc
byte-compiling /root/racecar_ws/src/wall_follower/install/wall_follower/lib/python3.10/site-packages/wall_follower/__init__.py to __init__.cpython-310.pyc
running install_data
copying package.xml -> /root/racecar_ws/src/wall_follower/install/wall_follower/share/wall_follower
copying wall_follower/params.yaml -> /root/racecar_ws/src/wall_follower/install/wall_follower/share/wall_follower
creating /root/racecar_ws/src/wall_follower/install/wall_follower/share/ament_index
creating /root/racecar_ws/src/wall_follower/install/wall_follower/share/ament_index/resource_index
creating /root/racecar_ws/src/wall_follower/install/wall_follower/share/ament_index/resource_index/packages
copying resource/wall_follower -> /root/racecar_ws/src/wall_follower/install/wall_follower/share/ament_index/resource_index/packages
creating /root/racecar_ws/src/wall_follower/install/wall_follower/share/wall_follower/launch
copying launch/wall_follower.launch.xml -> /root/racecar_ws/src/wall_follower/install/wall_follower/share/wall_follower/launch
copying launch/launch_test.launch.py -> /root/racecar_ws/src/wall_follower/install/wall_follower/share/wall_follower/launch
copying launch/launch_test_sim.launch.py -> /root/racecar_ws/src/wall_follower/install/wall_follower/share/wall_follower/launch
running install_egg_info
Copying build/wall_follower/wall_follower.egg-info to /root/racecar_ws/src/wall_follower/install/wall_follower/lib/python3.10/site-packages/wall_follower-0.0.0-py3.10.egg-info
running install_scripts
Installing go_straight script to /root/racecar_ws/src/wall_follower/install/wall_follower/lib/wall_follower
Installing step_test script to /root/racecar_ws/src/wall_follower/install/wall_follower/lib/wall_follower
Installing stop_system script to /root/racecar_ws/src/wall_follower/install/wall_follower/lib/wall_follower
Installing test_wall_follower script to /root/racecar_ws/src/wall_follower/install/wall_follower/lib/wall_follower
Installing viz_example script to /root/racecar_ws/src/wall_follower/install/wall_follower/lib/wall_follower
Installing wall_follower script to /root/racecar_ws/src/wall_follower/install/wall_follower/lib/wall_follower
writing list of installed files to '/root/racecar_ws/src/wall_follower/build/wall_follower/install.log'
