[1.780s] Invoking command in '/root/racecar_ws/src/wall_follower': PYTHONPATH=/root/racecar_ws/src/wall_follower/build/wall_follower/prefix_override:/usr/lib/python3/dist-packages/colcon_core/task/python/colcon_distutils_commands:/root/racecar_ws/src/wall_follower/install/wall_follower/lib/python3.10/site-packages:${PYTHONPATH} /usr/bin/python3 -W ignore:setup.py install is deprecated -W ignore:easy_install command is deprecated setup.py egg_info --egg-base build/wall_follower build --build-base /root/racecar_ws/src/wall_follower/build/wall_follower/build install --record /root/racecar_ws/src/wall_follower/build/wall_follower/install.log --single-version-externally-managed install_data
[2.337s] running egg_info
[2.338s] creating build/wall_follower/wall_follower.egg-info
[2.339s] writing build/wall_follower/wall_follower.egg-info/PKG-INFO
[2.339s] writing dependency_links to build/wall_follower/wall_follower.egg-info/dependency_links.txt
[2.339s] writing entry points to build/wall_follower/wall_follower.egg-info/entry_points.txt
[2.340s] writing requirements to build/wall_follower/wall_follower.egg-info/requires.txt
[2.340s] writing top-level names to build/wall_follower/wall_follower.egg-info/top_level.txt
[2.340s] writing manifest file 'build/wall_follower/wall_follower.egg-info/SOURCES.txt'
[2.343s] reading manifest file 'build/wall_follower/wall_follower.egg-info/SOURCES.txt'
[2.345s] writing manifest file 'build/wall_follower/wall_follower.egg-info/SOURCES.txt'
[2.346s] running build
[2.346s] running build_py
[2.347s] creating /root/racecar_ws/src/wall_follower/build/wall_follower/build
[2.347s] creating /root/racecar_ws/src/wall_follower/build/wall_follower/build/lib
[2.347s] creating /root/racecar_ws/src/wall_follower/build/wall_follower/build/lib/wall_follower
[2.348s] copying wall_follower/go_straight.py -> /root/racecar_ws/src/wall_follower/build/wall_follower/build/lib/wall_follower
[2.348s] copying wall_follower/wall_follower_logging.py -> /root/racecar_ws/src/wall_follower/build/wall_follower/build/lib/wall_follower
[2.349s] copying wall_follower/test_wall_follower.py -> /root/racecar_ws/src/wall_follower/build/wall_follower/build/lib/wall_follower
[2.349s] copying wall_follower/stop_system.py -> /root/racecar_ws/src/wall_follower/build/wall_follower/build/lib/wall_follower
[2.349s] copying wall_follower/step_test_local.py -> /root/racecar_ws/src/wall_follower/build/wall_follower/build/lib/wall_follower
[2.349s] copying wall_follower/wall_follower_matthew.py -> /root/racecar_ws/src/wall_follower/build/wall_follower/build/lib/wall_follower
[2.350s] copying wall_follower/visualization_tools.py -> /root/racecar_ws/src/wall_follower/build/wall_follower/build/lib/wall_follower
[2.350s] copying wall_follower/step_test.py -> /root/racecar_ws/src/wall_follower/build/wall_follower/build/lib/wall_follower
[2.350s] copying wall_follower/np_encrypt.py -> /root/racecar_ws/src/wall_follower/build/wall_follower/build/lib/wall_follower
[2.351s] copying wall_follower/viz_example.py -> /root/racecar_ws/src/wall_follower/build/wall_follower/build/lib/wall_follower
[2.351s] copying wall_follower/wall_follower.py -> /root/racecar_ws/src/wall_follower/build/wall_follower/build/lib/wall_follower
[2.351s] copying wall_follower/analyze_bag.py -> /root/racecar_ws/src/wall_follower/build/wall_follower/build/lib/wall_follower
[2.351s] copying wall_follower/__init__.py -> /root/racecar_ws/src/wall_follower/build/wall_follower/build/lib/wall_follower
[2.351s] running install
[2.352s] running install_lib
[2.352s] creating /root/racecar_ws/src/wall_follower/install/wall_follower/lib/python3.10/site-packages/wall_follower
[2.352s] copying /root/racecar_ws/src/wall_follower/build/wall_follower/build/lib/wall_follower/go_straight.py -> /root/racecar_ws/src/wall_follower/install/wall_follower/lib/python3.10/site-packages/wall_follower
[2.353s] copying /root/racecar_ws/src/wall_follower/build/wall_follower/build/lib/wall_follower/wall_follower_logging.py -> /root/racecar_ws/src/wall_follower/install/wall_follower/lib/python3.10/site-packages/wall_follower
[2.353s] copying /root/racecar_ws/src/wall_follower/build/wall_follower/build/lib/wall_follower/test_wall_follower.py -> /root/racecar_ws/src/wall_follower/install/wall_follower/lib/python3.10/site-packages/wall_follower
[2.353s] copying /root/racecar_ws/src/wall_follower/build/wall_follower/build/lib/wall_follower/stop_system.py -> /root/racecar_ws/src/wall_follower/install/wall_follower/lib/python3.10/site-packages/wall_follower
[2.354s] copying /root/racecar_ws/src/wall_follower/build/wall_follower/build/lib/wall_follower/step_test_local.py -> /root/racecar_ws/src/wall_follower/install/wall_follower/lib/python3.10/site-packages/wall_follower
[2.354s] copying /root/racecar_ws/src/wall_follower/build/wall_follower/build/lib/wall_follower/wall_follower_matthew.py -> /root/racecar_ws/src/wall_follower/install/wall_follower/lib/python3.10/site-packages/wall_follower
[2.355s] copying /root/racecar_ws/src/wall_follower/build/wall_follower/build/lib/wall_follower/visualization_tools.py -> /root/racecar_ws/src/wall_follower/install/wall_follower/lib/python3.10/site-packages/wall_follower
[2.355s] copying /root/racecar_ws/src/wall_follower/build/wall_follower/build/lib/wall_follower/step_test.py -> /root/racecar_ws/src/wall_follower/install/wall_follower/lib/python3.10/site-packages/wall_follower
[2.355s] copying /root/racecar_ws/src/wall_follower/build/wall_follower/build/lib/wall_follower/np_encrypt.py -> /root/racecar_ws/src/wall_follower/install/wall_follower/lib/python3.10/site-packages/wall_follower
[2.355s] copying /root/racecar_ws/src/wall_follower/build/wall_follower/build/lib/wall_follower/viz_example.py -> /root/racecar_ws/src/wall_follower/install/wall_follower/lib/python3.10/site-packages/wall_follower
[2.356s] copying /root/racecar_ws/src/wall_follower/build/wall_follower/build/lib/wall_follower/wall_follower.py -> /root/racecar_ws/src/wall_follower/install/wall_follower/lib/python3.10/site-packages/wall_follower
[2.356s] copying /root/racecar_ws/src/wall_follower/build/wall_follower/build/lib/wall_follower/analyze_bag.py -> /root/racecar_ws/src/wall_follower/install/wall_follower/lib/python3.10/site-packages/wall_follower
[2.356s] copying /root/racecar_ws/src/wall_follower/build/wall_follower/build/lib/wall_follower/__init__.py -> /root/racecar_ws/src/wall_follower/install/wall_follower/lib/python3.10/site-packages/wall_follower
[2.356s] byte-compiling /root/racecar_ws/src/wall_follower/install/wall_follower/lib/python3.10/site-packages/wall_follower/go_straight.py to go_straight.cpython-310.pyc
[2.357s] byte-compiling /root/racecar_ws/src/wall_follower/install/wall_follower/lib/python3.10/site-packages/wall_follower/wall_follower_logging.py to wall_follower_logging.cpython-310.pyc
[2.359s] byte-compiling /root/racecar_ws/src/wall_follower/install/wall_follower/lib/python3.10/site-packages/wall_follower/test_wall_follower.py to test_wall_follower.cpython-310.pyc
[2.361s] byte-compiling /root/racecar_ws/src/wall_follower/install/wall_follower/lib/python3.10/site-packages/wall_follower/stop_system.py to stop_system.cpython-310.pyc
[2.363s] byte-compiling /root/racecar_ws/src/wall_follower/install/wall_follower/lib/python3.10/site-packages/wall_follower/step_test_local.py to step_test_local.cpython-310.pyc
[2.366s] byte-compiling /root/racecar_ws/src/wall_follower/install/wall_follower/lib/python3.10/site-packages/wall_follower/wall_follower_matthew.py to wall_follower_matthew.cpython-310.pyc
[2.368s] byte-compiling /root/racecar_ws/src/wall_follower/install/wall_follower/lib/python3.10/site-packages/wall_follower/visualization_tools.py to visualization_tools.cpython-310.pyc
[2.368s] byte-compiling /root/racecar_ws/src/wall_follower/install/wall_follower/lib/python3.10/site-packages/wall_follower/step_test.py to step_test.cpython-310.pyc
[2.371s] byte-compiling /root/racecar_ws/src/wall_follower/install/wall_follower/lib/python3.10/site-packages/wall_follower/np_encrypt.py to np_encrypt.cpython-310.pyc
[2.371s] byte-compiling /root/racecar_ws/src/wall_follower/install/wall_follower/lib/python3.10/site-packages/wall_follower/viz_example.py to viz_example.cpython-310.pyc
[2.372s] byte-compiling /root/racecar_ws/src/wall_follower/install/wall_follower/lib/python3.10/site-packages/wall_follower/wall_follower.py to wall_follower.cpython-310.pyc
[2.374s] byte-compiling /root/racecar_ws/src/wall_follower/install/wall_follower/lib/python3.10/site-packages/wall_follower/analyze_bag.py to analyze_bag.cpython-310.pyc
[2.376s] byte-compiling /root/racecar_ws/src/wall_follower/install/wall_follower/lib/python3.10/site-packages/wall_follower/__init__.py to __init__.cpython-310.pyc
[2.377s] running install_data
[2.377s] copying package.xml -> /root/racecar_ws/src/wall_follower/install/wall_follower/share/wall_follower
[2.378s] copying wall_follower/params.yaml -> /root/racecar_ws/src/wall_follower/install/wall_follower/share/wall_follower
[2.378s] creating /root/racecar_ws/src/wall_follower/install/wall_follower/share/ament_index
[2.378s] creating /root/racecar_ws/src/wall_follower/install/wall_follower/share/ament_index/resource_index
[2.378s] creating /root/racecar_ws/src/wall_follower/install/wall_follower/share/ament_index/resource_index/packages
[2.379s] copying resource/wall_follower -> /root/racecar_ws/src/wall_follower/install/wall_follower/share/ament_index/resource_index/packages
[2.379s] creating /root/racecar_ws/src/wall_follower/install/wall_follower/share/wall_follower/launch
[2.379s] copying launch/wall_follower.launch.xml -> /root/racecar_ws/src/wall_follower/install/wall_follower/share/wall_follower/launch
[2.379s] copying launch/launch_test.launch.py -> /root/racecar_ws/src/wall_follower/install/wall_follower/share/wall_follower/launch
[2.380s] copying launch/launch_test_sim.launch.py -> /root/racecar_ws/src/wall_follower/install/wall_follower/share/wall_follower/launch
[2.380s] running install_egg_info
[2.382s] Copying build/wall_follower/wall_follower.egg-info to /root/racecar_ws/src/wall_follower/install/wall_follower/lib/python3.10/site-packages/wall_follower-0.0.0-py3.10.egg-info
[2.384s] running install_scripts
[2.425s] Installing go_straight script to /root/racecar_ws/src/wall_follower/install/wall_follower/lib/wall_follower
[2.425s] Installing step_test script to /root/racecar_ws/src/wall_follower/install/wall_follower/lib/wall_follower
[2.426s] Installing stop_system script to /root/racecar_ws/src/wall_follower/install/wall_follower/lib/wall_follower
[2.426s] Installing test_wall_follower script to /root/racecar_ws/src/wall_follower/install/wall_follower/lib/wall_follower
[2.426s] Installing viz_example script to /root/racecar_ws/src/wall_follower/install/wall_follower/lib/wall_follower
[2.426s] Installing wall_follower script to /root/racecar_ws/src/wall_follower/install/wall_follower/lib/wall_follower
[2.427s] writing list of installed files to '/root/racecar_ws/src/wall_follower/build/wall_follower/install.log'
[2.496s] Invoked command in '/root/racecar_ws/src/wall_follower' returned '0': PYTHONPATH=/root/racecar_ws/src/wall_follower/build/wall_follower/prefix_override:/usr/lib/python3/dist-packages/colcon_core/task/python/colcon_distutils_commands:/root/racecar_ws/src/wall_follower/install/wall_follower/lib/python3.10/site-packages:${PYTHONPATH} /usr/bin/python3 -W ignore:setup.py install is deprecated -W ignore:easy_install command is deprecated setup.py egg_info --egg-base build/wall_follower build --build-base /root/racecar_ws/src/wall_follower/build/wall_follower/build install --record /root/racecar_ws/src/wall_follower/build/wall_follower/install.log --single-version-externally-managed install_data
