/root/racecar_ws/src/wall_follower/install/wall_follower/lib/python3.10/site-packages/wall_follower/go_straight.py
/root/racecar_ws/src/wall_follower/install/wall_follower/lib/python3.10/site-packages/wall_follower/wall_follower_logging.py
/root/racecar_ws/src/wall_follower/install/wall_follower/lib/python3.10/site-packages/wall_follower/test_wall_follower.py
/root/racecar_ws/src/wall_follower/install/wall_follower/lib/python3.10/site-packages/wall_follower/stop_system.py
/root/racecar_ws/src/wall_follower/install/wall_follower/lib/python3.10/site-packages/wall_follower/step_test_local.py
/root/racecar_ws/src/wall_follower/install/wall_follower/lib/python3.10/site-packages/wall_follower/wall_follower_matthew.py
/root/racecar_ws/src/wall_follower/install/wall_follower/lib/python3.10/site-packages/wall_follower/visualization_tools.py
/root/racecar_ws/src/wall_follower/install/wall_follower/lib/python3.10/site-packages/wall_follower/step_test.py
/root/racecar_ws/src/wall_follower/install/wall_follower/lib/python3.10/site-packages/wall_follower/np_encrypt.py
/root/racecar_ws/src/wall_follower/install/wall_follower/lib/python3.10/site-packages/wall_follower/viz_example.py
/root/racecar_ws/src/wall_follower/install/wall_follower/lib/python3.10/site-packages/wall_follower/wall_follower.py
/root/racecar_ws/src/wall_follower/install/wall_follower/lib/python3.10/site-packages/wall_follower/analyze_bag.py
/root/racecar_ws/src/wall_follower/install/wall_follower/lib/python3.10/site-packages/wall_follower/__init__.py
/root/racecar_ws/src/wall_follower/install/wall_follower/lib/python3.10/site-packages/wall_follower/__pycache__/go_straight.cpython-310.pyc
/root/racecar_ws/src/wall_follower/install/wall_follower/lib/python3.10/site-packages/wall_follower/__pycache__/wall_follower_logging.cpython-310.pyc
/root/racecar_ws/src/wall_follower/install/wall_follower/lib/python3.10/site-packages/wall_follower/__pycache__/test_wall_follower.cpython-310.pyc
/root/racecar_ws/src/wall_follower/install/wall_follower/lib/python3.10/site-packages/wall_follower/__pycache__/stop_system.cpython-310.pyc
/root/racecar_ws/src/wall_follower/install/wall_follower/lib/python3.10/site-packages/wall_follower/__pycache__/step_test_local.cpython-310.pyc
/root/racecar_ws/src/wall_follower/install/wall_follower/lib/python3.10/site-packages/wall_follower/__pycache__/wall_follower_matthew.cpython-310.pyc
/root/racecar_ws/src/wall_follower/install/wall_follower/lib/python3.10/site-packages/wall_follower/__pycache__/visualization_tools.cpython-310.pyc
/root/racecar_ws/src/wall_follower/install/wall_follower/lib/python3.10/site-packages/wall_follower/__pycache__/step_test.cpython-310.pyc
/root/racecar_ws/src/wall_follower/install/wall_follower/lib/python3.10/site-packages/wall_follower/__pycache__/np_encrypt.cpython-310.pyc
/root/racecar_ws/src/wall_follower/install/wall_follower/lib/python3.10/site-packages/wall_follower/__pycache__/viz_example.cpython-310.pyc
/root/racecar_ws/src/wall_follower/install/wall_follower/lib/python3.10/site-packages/wall_follower/__pycache__/wall_follower.cpython-310.pyc
/root/racecar_ws/src/wall_follower/install/wall_follower/lib/python3.10/site-packages/wall_follower/__pycache__/analyze_bag.cpython-310.pyc
/root/racecar_ws/src/wall_follower/install/wall_follower/lib/python3.10/site-packages/wall_follower/__pycache__/__init__.cpython-310.pyc
/root/racecar_ws/src/wall_follower/install/wall_follower/share/wall_follower/package.xml
/root/racecar_ws/src/wall_follower/install/wall_follower/share/wall_follower/params.yaml
/root/racecar_ws/src/wall_follower/install/wall_follower/share/ament_index/resource_index/packages/wall_follower
/root/racecar_ws/src/wall_follower/install/wall_follower/share/wall_follower/launch/wall_follower.launch.xml
/root/racecar_ws/src/wall_follower/install/wall_follower/share/wall_follower/launch/launch_test.launch.py
/root/racecar_ws/src/wall_follower/install/wall_follower/share/wall_follower/launch/launch_test_sim.launch.py
/root/racecar_ws/src/wall_follower/install/wall_follower/lib/python3.10/site-packages/wall_follower-0.0.0-py3.10.egg-info/top_level.txt
/root/racecar_ws/src/wall_follower/install/wall_follower/lib/python3.10/site-packages/wall_follower-0.0.0-py3.10.egg-info/requires.txt
/root/racecar_ws/src/wall_follower/install/wall_follower/lib/python3.10/site-packages/wall_follower-0.0.0-py3.10.egg-info/SOURCES.txt
/root/racecar_ws/src/wall_follower/install/wall_follower/lib/python3.10/site-packages/wall_follower-0.0.0-py3.10.egg-info/entry_points.txt
/root/racecar_ws/src/wall_follower/install/wall_follower/lib/python3.10/site-packages/wall_follower-0.0.0-py3.10.egg-info/PKG-INFO
/root/racecar_ws/src/wall_follower/install/wall_follower/lib/python3.10/site-packages/wall_follower-0.0.0-py3.10.egg-info/zip-safe
/root/racecar_ws/src/wall_follower/install/wall_follower/lib/python3.10/site-packages/wall_follower-0.0.0-py3.10.egg-info/dependency_links.txt
/root/racecar_ws/src/wall_follower/install/wall_follower/lib/wall_follower/go_straight
/root/racecar_ws/src/wall_follower/install/wall_follower/lib/wall_follower/step_test
/root/racecar_ws/src/wall_follower/install/wall_follower/lib/wall_follower/stop_system
/root/racecar_ws/src/wall_follower/install/wall_follower/lib/wall_follower/test_wall_follower
/root/racecar_ws/src/wall_follower/install/wall_follower/lib/wall_follower/viz_example
/root/racecar_ws/src/wall_follower/install/wall_follower/lib/wall_follower/wall_follower
